2021-10-12 22:57:57,456 INFO o.a.j.u.JMeterUtils: Setting Locale to en_EN
2021-10-12 22:57:57,456 INFO o.a.j.JMeter: Loading user properties from: C:\Program Files\apache-jmeter-5.4.1\bin\user.properties
2021-10-12 22:57:57,456 INFO o.a.j.JMeter: Loading system properties from: C:\Program Files\apache-jmeter-5.4.1\bin\system.properties
2021-10-12 22:57:57,472 INFO o.a.j.JMeter: Copyright (c) 1998-2021 The Apache Software Foundation
2021-10-12 22:57:57,472 INFO o.a.j.JMeter: Version 5.4.1
2021-10-12 22:57:57,472 INFO o.a.j.JMeter: java.version=1.8.0_301
2021-10-12 22:57:57,472 INFO o.a.j.JMeter: java.vm.name=Java HotSpot(TM) 64-Bit Server VM
2021-10-12 22:57:57,472 INFO o.a.j.JMeter: os.name=Windows 10
2021-10-12 22:57:57,472 INFO o.a.j.JMeter: os.arch=amd64
2021-10-12 22:57:57,472 INFO o.a.j.JMeter: os.version=10.0
2021-10-12 22:57:57,472 INFO o.a.j.JMeter: file.encoding=Cp1252
2021-10-12 22:57:57,472 INFO o.a.j.JMeter: java.awt.headless=null
2021-10-12 22:57:57,472 INFO o.a.j.JMeter: Max memory     =1073741824
2021-10-12 22:57:57,472 INFO o.a.j.JMeter: Available Processors =8
2021-10-12 22:57:57,472 INFO o.a.j.JMeter: Default Locale=English (EN)
2021-10-12 22:57:57,472 INFO o.a.j.JMeter: JMeter  Locale=English (EN)
2021-10-12 22:57:57,472 INFO o.a.j.JMeter: JMeterHome=C:\Program Files\apache-jmeter-5.4.1
2021-10-12 22:57:57,472 INFO o.a.j.JMeter: user.dir  =C:\aldeamo\Performance
2021-10-12 22:57:57,472 INFO o.a.j.JMeter: PWD       =C:\aldeamo\Performance
2021-10-12 22:58:02,127 INFO o.a.j.JMeter: IP: 192.168.237.148 Name: DESKTOP-8T2RO90 FullName: DESKTOP-8T2RO90
2021-10-12 22:58:02,205 INFO o.a.j.JMeter: Setting LAF to: com.github.weisj.darklaf.DarkLaf:com.github.weisj.darklaf.theme.DarculaTheme
2021-10-12 22:58:02,471 INFO o.a.j.JMeter: Loaded icon properties from org/apache/jmeter/images/icon.properties
2021-10-12 22:58:10,120 INFO o.a.j.s.FileServer: Default base='C:\aldeamo\Performance'
2021-10-12 22:58:10,136 INFO o.a.j.g.a.Load: Loading file: C:\aldeamo\Performance\Event Notifier.jmx
2021-10-12 22:58:10,136 INFO o.a.j.s.FileServer: Set new base='C:\aldeamo\Performance'
2021-10-12 22:58:10,229 INFO o.a.j.s.SaveService: Testplan (JMX) version: 2.2. Testlog (JTL) version: 2.2
2021-10-12 22:58:10,245 INFO o.a.j.s.SaveService: Using SaveService properties file encoding UTF-8
2021-10-12 22:58:10,245 INFO o.a.j.s.SaveService: Using SaveService properties version 5.0
2021-10-12 22:58:10,245 INFO o.a.j.s.SaveService: Loading file: C:\aldeamo\Performance\Event Notifier.jmx
2021-10-12 22:58:10,365 INFO c.z.j.p.a.g.AMQPSamplerGui: AMQPSamplerGui.configure() called
2021-10-12 22:58:10,365 INFO c.z.j.p.a.g.AMQPSamplerGui: AMQPSamplerGui.modifyTestElement() called, set user/pass to Pr0duc7_S3rvis3s/Pr0duct2019** on sampler com.zeroclue.jmeter.protocol.amqp.AMQPPublisher@1e5a1493
2021-10-12 22:58:10,380 INFO o.a.j.s.SampleResult: Note: Sample TimeStamps are START times
2021-10-12 22:58:10,380 INFO o.a.j.s.SampleResult: sampleresult.default.encoding is set to ISO-8859-1
2021-10-12 22:58:10,380 INFO o.a.j.s.SampleResult: sampleresult.useNanoTime=true
2021-10-12 22:58:10,380 INFO o.a.j.s.SampleResult: sampleresult.nanoThreadSleep=5000
2021-10-12 22:58:10,657 INFO o.a.j.s.FileServer: Set new base='C:\aldeamo\Performance'
2021-10-12 22:58:12,333 INFO c.z.j.p.a.g.AMQPSamplerGui: AMQPSamplerGui.configure() called
2021-10-12 22:58:12,333 INFO c.z.j.p.a.g.AMQPSamplerGui: AMQPSamplerGui.modifyTestElement() called, set user/pass to Pr0duc7_S3rvis3s/Pr0duct2019** on sampler com.zeroclue.jmeter.protocol.amqp.AMQPPublisher@1e5a1493
2021-10-12 22:58:12,333 INFO c.z.j.p.a.g.AMQPSamplerGui: AMQPSamplerGui.configure() called
2021-10-12 22:58:12,348 INFO c.z.j.p.a.g.AMQPSamplerGui: AMQPSamplerGui.modifyTestElement() called, set user/pass to Pr0duc7_S3rvis3s/Pr0duct2019** on sampler com.zeroclue.jmeter.protocol.amqp.AMQPPublisher@1e5a1493
2021-10-12 22:58:12,348 INFO c.z.j.p.a.g.AMQPSamplerGui: AMQPSamplerGui.configure() called
2021-10-12 22:58:12,962 INFO c.z.j.p.a.g.AMQPSamplerGui: AMQPSamplerGui.modifyTestElement() called, set user/pass to Pr0duc7_S3rvis3s/Pr0duct2019** on sampler com.zeroclue.jmeter.protocol.amqp.AMQPPublisher@1e5a1493
2021-10-12 22:58:25,015 INFO o.a.j.e.StandardJMeterEngine: Running the test!
2021-10-12 22:58:25,015 INFO o.a.j.s.SampleEvent: List of sample_variables: []
2021-10-12 22:58:25,015 INFO o.a.j.s.SampleEvent: List of sample_variables: []
2021-10-12 22:58:25,015 INFO o.a.j.e.u.CompoundVariable: Note: Function class names must contain the string: '.functions.'
2021-10-12 22:58:25,015 INFO o.a.j.e.u.CompoundVariable: Note: Function class names must not contain the string: '.gui.'
2021-10-12 22:58:25,234 INFO o.a.j.g.u.JMeterMenuBar: setRunning(true, *local*)
2021-10-12 22:58:25,329 INFO o.a.j.e.StandardJMeterEngine: Starting ThreadGroup: 1 : Users Event Notifier
2021-10-12 22:58:25,329 INFO o.a.j.e.StandardJMeterEngine: Starting 5 threads for group Users Event Notifier.
2021-10-12 22:58:25,329 INFO o.a.j.e.StandardJMeterEngine: Thread will continue on error
2021-10-12 22:58:25,329 INFO o.a.j.t.ThreadGroup: Starting thread group... number=1 threads=5 ramp-up=5 delayedStart=false
2021-10-12 22:58:25,329 INFO o.a.j.t.ThreadGroup: Started thread group number 1
2021-10-12 22:58:25,329 INFO o.a.j.e.StandardJMeterEngine: All thread groups have been started
2021-10-12 22:58:25,371 INFO o.a.j.t.JMeterThread: Thread started: Users Event Notifier 1-1
2021-10-12 22:58:25,371 INFO o.a.j.s.FileServer: Stored: ./assets/DeliverySms57History_202109210823.csv
2021-10-12 22:58:25,371 INFO c.z.j.p.a.AMQPSampler: Creating channel /:5672
2021-10-12 22:58:25,371 INFO c.z.j.p.a.AMQPSampler: RabbitMQ ConnectionFactory using:
	 virtual host: /
	 host: 192.168.80.46
	 port: 5672
	 username: Pr0duc7_S3rvis3s
	 password: Pr0duct2019**
	 timeout: 10000
	 heartbeat: 1
in com.zeroclue.jmeter.protocol.amqp.AMQPPublisher@667311db
2021-10-12 22:58:25,371 INFO c.z.j.p.a.AMQPSampler: Using hosts: [192.168.80.46] addresses: [192.168.80.46:5672]
2021-10-12 22:58:25,947 INFO c.z.j.p.a.AMQPSampler: Creating channel /:5672
2021-10-12 22:58:26,072 INFO c.z.j.p.a.AMQPSampler: Deleting queue dlr.eventnotifier.queue
2021-10-12 22:58:26,382 INFO o.a.j.t.JMeterThread: Thread started: Users Event Notifier 1-2
2021-10-12 22:58:26,383 INFO c.z.j.p.a.AMQPSampler: Creating channel /:5672
2021-10-12 22:58:26,383 INFO c.z.j.p.a.AMQPSampler: RabbitMQ ConnectionFactory using:
	 virtual host: /
	 host: 192.168.80.46
	 port: 5672
	 username: Pr0duc7_S3rvis3s
	 password: Pr0duct2019**
	 timeout: 10000
	 heartbeat: 1
in com.zeroclue.jmeter.protocol.amqp.AMQPPublisher@4993f566
2021-10-12 22:58:26,383 INFO c.z.j.p.a.AMQPSampler: Using hosts: [192.168.80.46] addresses: [192.168.80.46:5672]
2021-10-12 22:58:26,652 INFO c.z.j.p.a.AMQPSampler: bound to:
	 queue: dlr.eventnotifier.queue
	 exchange: jmeterExchange
	 exchange(D)? true
	 routing key: 
	 arguments: {}
2021-10-12 22:58:26,854 INFO o.a.j.t.JMeterThread: Thread is done: Users Event Notifier 1-1
2021-10-12 22:58:26,854 INFO o.a.j.t.JMeterThread: Thread finished: Users Event Notifier 1-1
2021-10-12 22:58:26,854 INFO c.z.j.p.a.AMQPSampler: AMQPSampler.threadFinished called
2021-10-12 22:58:26,883 INFO c.z.j.p.a.AMQPSampler: Creating channel /:5672
2021-10-12 22:58:26,977 INFO c.z.j.p.a.AMQPSampler: Deleting queue dlr.eventnotifier.queue
2021-10-12 22:58:27,371 INFO o.a.j.t.JMeterThread: Thread started: Users Event Notifier 1-3
2021-10-12 22:58:27,371 INFO c.z.j.p.a.AMQPSampler: Creating channel /:5672
2021-10-12 22:58:27,371 INFO c.z.j.p.a.AMQPSampler: RabbitMQ ConnectionFactory using:
	 virtual host: /
	 host: 192.168.80.46
	 port: 5672
	 username: Pr0duc7_S3rvis3s
	 password: Pr0duct2019**
	 timeout: 10000
	 heartbeat: 1
in com.zeroclue.jmeter.protocol.amqp.AMQPPublisher@31ff9404
2021-10-12 22:58:27,371 INFO c.z.j.p.a.AMQPSampler: Using hosts: [192.168.80.46] addresses: [192.168.80.46:5672]
2021-10-12 22:58:27,510 INFO c.z.j.p.a.AMQPSampler: bound to:
	 queue: dlr.eventnotifier.queue
	 exchange: jmeterExchange
	 exchange(D)? true
	 routing key: 
	 arguments: {}
2021-10-12 22:58:27,702 INFO o.a.j.t.JMeterThread: Thread is done: Users Event Notifier 1-2
2021-10-12 22:58:27,702 INFO o.a.j.t.JMeterThread: Thread finished: Users Event Notifier 1-2
2021-10-12 22:58:27,702 INFO c.z.j.p.a.AMQPSampler: AMQPSampler.threadFinished called
2021-10-12 22:58:27,876 INFO c.z.j.p.a.AMQPSampler: Creating channel /:5672
2021-10-12 22:58:27,996 INFO c.z.j.p.a.AMQPSampler: Deleting queue dlr.eventnotifier.queue
2021-10-12 22:58:28,373 INFO o.a.j.t.JMeterThread: Thread started: Users Event Notifier 1-4
2021-10-12 22:58:28,373 INFO c.z.j.p.a.AMQPSampler: Creating channel /:5672
2021-10-12 22:58:28,373 INFO c.z.j.p.a.AMQPSampler: RabbitMQ ConnectionFactory using:
	 virtual host: /
	 host: 192.168.80.46
	 port: 5672
	 username: Pr0duc7_S3rvis3s
	 password: Pr0duct2019**
	 timeout: 10000
	 heartbeat: 1
in com.zeroclue.jmeter.protocol.amqp.AMQPPublisher@390d9d14
2021-10-12 22:58:28,373 INFO c.z.j.p.a.AMQPSampler: Using hosts: [192.168.80.46] addresses: [192.168.80.46:5672]
2021-10-12 22:58:28,713 INFO c.z.j.p.a.AMQPSampler: bound to:
	 queue: dlr.eventnotifier.queue
	 exchange: jmeterExchange
	 exchange(D)? true
	 routing key: 
	 arguments: {}
2021-10-12 22:58:28,913 INFO o.a.j.t.JMeterThread: Thread is done: Users Event Notifier 1-3
2021-10-12 22:58:28,913 INFO o.a.j.t.JMeterThread: Thread finished: Users Event Notifier 1-3
2021-10-12 22:58:28,913 INFO c.z.j.p.a.AMQPSampler: AMQPSampler.threadFinished called
2021-10-12 22:58:29,009 INFO c.z.j.p.a.AMQPSampler: Creating channel /:5672
2021-10-12 22:58:29,116 INFO c.z.j.p.a.AMQPSampler: Deleting queue dlr.eventnotifier.queue
2021-10-12 22:58:29,372 INFO o.a.j.t.JMeterThread: Thread started: Users Event Notifier 1-5
2021-10-12 22:58:29,372 INFO c.z.j.p.a.AMQPSampler: Creating channel /:5672
2021-10-12 22:58:29,372 INFO c.z.j.p.a.AMQPSampler: RabbitMQ ConnectionFactory using:
	 virtual host: /
	 host: 192.168.80.46
	 port: 5672
	 username: Pr0duc7_S3rvis3s
	 password: Pr0duct2019**
	 timeout: 10000
	 heartbeat: 1
in com.zeroclue.jmeter.protocol.amqp.AMQPPublisher@35924d5d
2021-10-12 22:58:29,372 INFO c.z.j.p.a.AMQPSampler: Using hosts: [192.168.80.46] addresses: [192.168.80.46:5672]
2021-10-12 22:58:29,656 INFO c.z.j.p.a.AMQPSampler: bound to:
	 queue: dlr.eventnotifier.queue
	 exchange: jmeterExchange
	 exchange(D)? true
	 routing key: 
	 arguments: {}
2021-10-12 22:58:29,844 INFO o.a.j.t.JMeterThread: Thread is done: Users Event Notifier 1-4
2021-10-12 22:58:29,844 INFO o.a.j.t.JMeterThread: Thread finished: Users Event Notifier 1-4
2021-10-12 22:58:29,844 INFO c.z.j.p.a.AMQPSampler: AMQPSampler.threadFinished called
2021-10-12 22:58:29,860 INFO c.z.j.p.a.AMQPSampler: Creating channel /:5672
2021-10-12 22:58:29,953 INFO c.z.j.p.a.AMQPSampler: Deleting queue dlr.eventnotifier.queue
2021-10-12 22:58:30,539 INFO c.z.j.p.a.AMQPSampler: bound to:
	 queue: dlr.eventnotifier.queue
	 exchange: jmeterExchange
	 exchange(D)? true
	 routing key: 
	 arguments: {}
2021-10-12 22:58:30,727 INFO o.a.j.t.JMeterThread: Thread is done: Users Event Notifier 1-5
2021-10-12 22:58:30,727 INFO o.a.j.t.JMeterThread: Thread finished: Users Event Notifier 1-5
2021-10-12 22:58:30,727 INFO c.z.j.p.a.AMQPSampler: AMQPSampler.threadFinished called
2021-10-12 22:58:30,837 INFO o.a.j.e.StandardJMeterEngine: Notifying test listeners of end of test
2021-10-12 22:58:30,837 INFO o.a.j.s.FileServer: Close: ./assets/DeliverySms57History_202109210823.csv
2021-10-12 22:58:30,837 INFO o.a.j.g.u.JMeterMenuBar: setRunning(false, *local*)
2021-10-12 22:58:36,997 INFO o.a.j.e.StandardJMeterEngine: Running the test!
2021-10-12 22:58:36,997 INFO o.a.j.s.SampleEvent: List of sample_variables: []
2021-10-12 22:58:36,997 INFO o.a.j.g.u.JMeterMenuBar: setRunning(true, *local*)
2021-10-12 22:58:37,060 INFO o.a.j.e.StandardJMeterEngine: Starting ThreadGroup: 1 : Users Event Notifier
2021-10-12 22:58:37,060 INFO o.a.j.e.StandardJMeterEngine: Starting 5 threads for group Users Event Notifier.
2021-10-12 22:58:37,060 INFO o.a.j.e.StandardJMeterEngine: Thread will continue on error
2021-10-12 22:58:37,060 INFO o.a.j.t.ThreadGroup: Starting thread group... number=1 threads=5 ramp-up=5 delayedStart=false
2021-10-12 22:58:37,060 INFO o.a.j.t.JMeterThread: Thread started: Users Event Notifier 1-1
2021-10-12 22:58:37,060 INFO o.a.j.s.FileServer: Stored: ./assets/DeliverySms57History_202109210823.csvf
2021-10-12 22:58:37,060 INFO o.a.j.t.ThreadGroup: Started thread group number 1
2021-10-12 22:58:37,060 INFO o.a.j.e.StandardJMeterEngine: All thread groups have been started
2021-10-12 22:58:37,060 ERROR o.a.j.t.JMeterThread: Test failed!
java.lang.IllegalArgumentException: File DeliverySms57History_202109210823.csvf must exist and be readable
	at org.apache.jmeter.services.FileServer.createBufferedReader(FileServer.java:424) ~[ApacheJMeter_core.jar:5.4.1]
	at org.apache.jmeter.services.FileServer.readLine(FileServer.java:340) ~[ApacheJMeter_core.jar:5.4.1]
	at org.apache.jmeter.config.CSVDataSet.iterationStart(CSVDataSet.java:182) ~[ApacheJMeter_components.jar:5.4.1]
	at org.apache.jmeter.control.GenericController.fireIterationStart(GenericController.java:399) ~[ApacheJMeter_core.jar:5.4.1]
	at org.apache.jmeter.control.GenericController.fireIterEvents(GenericController.java:391) ~[ApacheJMeter_core.jar:5.4.1]
	at org.apache.jmeter.control.GenericController.next(GenericController.java:160) ~[ApacheJMeter_core.jar:5.4.1]
	at org.apache.jmeter.control.LoopController.next(LoopController.java:134) ~[ApacheJMeter_core.jar:5.4.1]
	at org.apache.jmeter.threads.AbstractThreadGroup.next(AbstractThreadGroup.java:91) ~[ApacheJMeter_core.jar:5.4.1]
	at org.apache.jmeter.threads.JMeterThread.run(JMeterThread.java:254) [ApacheJMeter_core.jar:5.4.1]
	at java.lang.Thread.run(Thread.java:748) [?:1.8.0_301]
2021-10-12 22:58:37,060 INFO o.a.j.t.JMeterThread: Thread finished: Users Event Notifier 1-1
2021-10-12 22:58:37,060 INFO c.z.j.p.a.AMQPSampler: AMQPSampler.threadFinished called
2021-10-12 22:58:38,060 INFO o.a.j.t.JMeterThread: Thread started: Users Event Notifier 1-2
2021-10-12 22:58:38,060 ERROR o.a.j.t.JMeterThread: Test failed!
java.lang.IllegalArgumentException: File DeliverySms57History_202109210823.csvf must exist and be readable
	at org.apache.jmeter.services.FileServer.createBufferedReader(FileServer.java:424) ~[ApacheJMeter_core.jar:5.4.1]
	at org.apache.jmeter.services.FileServer.readLine(FileServer.java:340) ~[ApacheJMeter_core.jar:5.4.1]
	at org.apache.jmeter.config.CSVDataSet.iterationStart(CSVDataSet.java:182) ~[ApacheJMeter_components.jar:5.4.1]
	at org.apache.jmeter.control.GenericController.fireIterationStart(GenericController.java:399) ~[ApacheJMeter_core.jar:5.4.1]
	at org.apache.jmeter.control.GenericController.fireIterEvents(GenericController.java:391) ~[ApacheJMeter_core.jar:5.4.1]
	at org.apache.jmeter.control.GenericController.next(GenericController.java:160) ~[ApacheJMeter_core.jar:5.4.1]
	at org.apache.jmeter.control.LoopController.next(LoopController.java:134) ~[ApacheJMeter_core.jar:5.4.1]
	at org.apache.jmeter.threads.AbstractThreadGroup.next(AbstractThreadGroup.java:91) ~[ApacheJMeter_core.jar:5.4.1]
	at org.apache.jmeter.threads.JMeterThread.run(JMeterThread.java:254) [ApacheJMeter_core.jar:5.4.1]
	at java.lang.Thread.run(Thread.java:748) [?:1.8.0_301]
2021-10-12 22:58:38,060 INFO o.a.j.t.JMeterThread: Thread finished: Users Event Notifier 1-2
2021-10-12 22:58:38,060 INFO c.z.j.p.a.AMQPSampler: AMQPSampler.threadFinished called
2021-10-12 22:58:39,063 INFO o.a.j.t.JMeterThread: Thread started: Users Event Notifier 1-3
2021-10-12 22:58:39,064 ERROR o.a.j.t.JMeterThread: Test failed!
java.lang.IllegalArgumentException: File DeliverySms57History_202109210823.csvf must exist and be readable
	at org.apache.jmeter.services.FileServer.createBufferedReader(FileServer.java:424) ~[ApacheJMeter_core.jar:5.4.1]
	at org.apache.jmeter.services.FileServer.readLine(FileServer.java:340) ~[ApacheJMeter_core.jar:5.4.1]
	at org.apache.jmeter.config.CSVDataSet.iterationStart(CSVDataSet.java:182) ~[ApacheJMeter_components.jar:5.4.1]
	at org.apache.jmeter.control.GenericController.fireIterationStart(GenericController.java:399) ~[ApacheJMeter_core.jar:5.4.1]
	at org.apache.jmeter.control.GenericController.fireIterEvents(GenericController.java:391) ~[ApacheJMeter_core.jar:5.4.1]
	at org.apache.jmeter.control.GenericController.next(GenericController.java:160) ~[ApacheJMeter_core.jar:5.4.1]
	at org.apache.jmeter.control.LoopController.next(LoopController.java:134) ~[ApacheJMeter_core.jar:5.4.1]
	at org.apache.jmeter.threads.AbstractThreadGroup.next(AbstractThreadGroup.java:91) ~[ApacheJMeter_core.jar:5.4.1]
	at org.apache.jmeter.threads.JMeterThread.run(JMeterThread.java:254) [ApacheJMeter_core.jar:5.4.1]
	at java.lang.Thread.run(Thread.java:748) [?:1.8.0_301]
2021-10-12 22:58:39,064 INFO o.a.j.t.JMeterThread: Thread finished: Users Event Notifier 1-3
2021-10-12 22:58:39,065 INFO c.z.j.p.a.AMQPSampler: AMQPSampler.threadFinished called
2021-10-12 22:58:39,432 INFO c.z.j.p.a.g.AMQPSamplerGui: AMQPSamplerGui.configure() called
2021-10-12 22:58:39,432 INFO c.z.j.p.a.g.AMQPSamplerGui: AMQPSamplerGui.modifyTestElement() called, set user/pass to Pr0duc7_S3rvis3s/Pr0duct2019** on sampler com.zeroclue.jmeter.protocol.amqp.AMQPPublisher@1e5a1493
2021-10-12 22:58:39,433 INFO c.z.j.p.a.g.AMQPSamplerGui: AMQPSamplerGui.configure() called
2021-10-12 22:58:39,443 INFO c.z.j.p.a.g.AMQPSamplerGui: AMQPSamplerGui.modifyTestElement() called, set user/pass to Pr0duc7_S3rvis3s/Pr0duct2019** on sampler com.zeroclue.jmeter.protocol.amqp.AMQPPublisher@1e5a1493
2021-10-12 22:58:39,444 INFO c.z.j.p.a.g.AMQPSamplerGui: AMQPSamplerGui.configure() called
2021-10-12 22:58:40,060 INFO o.a.j.t.JMeterThread: Thread started: Users Event Notifier 1-4
2021-10-12 22:58:40,060 ERROR o.a.j.t.JMeterThread: Test failed!
java.lang.IllegalArgumentException: File DeliverySms57History_202109210823.csvf must exist and be readable
	at org.apache.jmeter.services.FileServer.createBufferedReader(FileServer.java:424) ~[ApacheJMeter_core.jar:5.4.1]
	at org.apache.jmeter.services.FileServer.readLine(FileServer.java:340) ~[ApacheJMeter_core.jar:5.4.1]
	at org.apache.jmeter.config.CSVDataSet.iterationStart(CSVDataSet.java:182) ~[ApacheJMeter_components.jar:5.4.1]
	at org.apache.jmeter.control.GenericController.fireIterationStart(GenericController.java:399) ~[ApacheJMeter_core.jar:5.4.1]
	at org.apache.jmeter.control.GenericController.fireIterEvents(GenericController.java:391) ~[ApacheJMeter_core.jar:5.4.1]
	at org.apache.jmeter.control.GenericController.next(GenericController.java:160) ~[ApacheJMeter_core.jar:5.4.1]
	at org.apache.jmeter.control.LoopController.next(LoopController.java:134) ~[ApacheJMeter_core.jar:5.4.1]
	at org.apache.jmeter.threads.AbstractThreadGroup.next(AbstractThreadGroup.java:91) ~[ApacheJMeter_core.jar:5.4.1]
	at org.apache.jmeter.threads.JMeterThread.run(JMeterThread.java:254) [ApacheJMeter_core.jar:5.4.1]
	at java.lang.Thread.run(Thread.java:748) [?:1.8.0_301]
2021-10-12 22:58:40,060 INFO o.a.j.t.JMeterThread: Thread finished: Users Event Notifier 1-4
2021-10-12 22:58:40,060 INFO c.z.j.p.a.AMQPSampler: AMQPSampler.threadFinished called
2021-10-12 22:58:40,113 INFO c.z.j.p.a.g.AMQPSamplerGui: AMQPSamplerGui.modifyTestElement() called, set user/pass to Pr0duc7_S3rvis3s/Pr0duct2019** on sampler com.zeroclue.jmeter.protocol.amqp.AMQPPublisher@1e5a1493
2021-10-12 22:58:41,060 INFO o.a.j.t.JMeterThread: Thread started: Users Event Notifier 1-5
2021-10-12 22:58:41,060 ERROR o.a.j.t.JMeterThread: Test failed!
java.lang.IllegalArgumentException: File DeliverySms57History_202109210823.csvf must exist and be readable
	at org.apache.jmeter.services.FileServer.createBufferedReader(FileServer.java:424) ~[ApacheJMeter_core.jar:5.4.1]
	at org.apache.jmeter.services.FileServer.readLine(FileServer.java:340) ~[ApacheJMeter_core.jar:5.4.1]
	at org.apache.jmeter.config.CSVDataSet.iterationStart(CSVDataSet.java:182) ~[ApacheJMeter_components.jar:5.4.1]
	at org.apache.jmeter.control.GenericController.fireIterationStart(GenericController.java:399) ~[ApacheJMeter_core.jar:5.4.1]
	at org.apache.jmeter.control.GenericController.fireIterEvents(GenericController.java:391) ~[ApacheJMeter_core.jar:5.4.1]
	at org.apache.jmeter.control.GenericController.next(GenericController.java:160) ~[ApacheJMeter_core.jar:5.4.1]
	at org.apache.jmeter.control.LoopController.next(LoopController.java:134) ~[ApacheJMeter_core.jar:5.4.1]
	at org.apache.jmeter.threads.AbstractThreadGroup.next(AbstractThreadGroup.java:91) ~[ApacheJMeter_core.jar:5.4.1]
	at org.apache.jmeter.threads.JMeterThread.run(JMeterThread.java:254) [ApacheJMeter_core.jar:5.4.1]
	at java.lang.Thread.run(Thread.java:748) [?:1.8.0_301]
2021-10-12 22:58:41,060 INFO o.a.j.t.JMeterThread: Thread finished: Users Event Notifier 1-5
2021-10-12 22:58:41,060 INFO c.z.j.p.a.AMQPSampler: AMQPSampler.threadFinished called
2021-10-12 22:58:41,060 INFO o.a.j.e.StandardJMeterEngine: Notifying test listeners of end of test
2021-10-12 22:58:41,060 INFO o.a.j.g.u.JMeterMenuBar: setRunning(false, *local*)
